{"created": 1712112264.7740579, "duration": 0.12715482711791992, "exitcode": 0, "root": "/Users/mihirchintawar/agent", "environment": {}, "summary": {"passed": 5, "total": 5, "collected": 5}, "collectors": [{"nodeid": "", "outcome": "passed", "result": [{"nodeid": "evals/testevals/evalbed", "type": "Dir"}]}, {"nodeid": "evals/testevals/evalbed/test_evalbed.py", "outcome": "passed", "result": [{"nodeid": "evals/testevals/evalbed/test_evalbed.py::test_valid_addition", "type": "Function", "lineno": 3}, {"nodeid": "evals/testevals/evalbed/test_evalbed.py::test_valid_multiplication", "type": "Function", "lineno": 8}, {"nodeid": "evals/testevals/evalbed/test_evalbed.py::test_invalid_operation", "type": "Function", "lineno": 13}, {"nodeid": "evals/testevals/evalbed/test_evalbed.py::test_non_integer_argument", "type": "Function", "lineno": 18}, {"nodeid": "evals/testevals/evalbed/test_evalbed.py::test_missing_argument", "type": "Function", "lineno": 23}]}, {"nodeid": "evals/testevals/evalbed", "outcome": "passed", "result": [{"nodeid": "evals/testevals/evalbed/test_evalbed.py", "type": "Module"}]}], "tests": [{"nodeid": "evals/testevals/evalbed/test_evalbed.py::test_valid_addition", "lineno": 3, "outcome": "passed", "keywords": ["test_valid_addition", "test_evalbed.py", "evalbed", "testevals", "evals", "agent", ""], "setup": {"duration": 0.0002472500200383365, "outcome": "passed"}, "call": {"duration": 0.022243375016842037, "outcome": "passed"}, "teardown": {"duration": 0.0001218749675899744, "outcome": "passed"}}, {"nodeid": "evals/testevals/evalbed/test_evalbed.py::test_valid_multiplication", "lineno": 8, "outcome": "passed", "keywords": ["test_valid_multiplication", "test_evalbed.py", "evalbed", "testevals", "evals", "agent", ""], "setup": {"duration": 6.887497147545218e-05, "outcome": "passed"}, "call": {"duration": 0.022936583030968904, "outcome": "passed"}, "teardown": {"duration": 0.00013325002510100603, "outcome": "passed"}}, {"nodeid": "evals/testevals/evalbed/test_evalbed.py::test_invalid_operation", "lineno": 13, "outcome": "passed", "keywords": ["test_invalid_operation", "test_evalbed.py", "evalbed", "testevals", "evals", "agent", ""], "setup": {"duration": 7.704203017055988e-05, "outcome": "passed"}, "call": {"duration": 0.025937083002645522, "outcome": "passed", "stderr": "usage: evalmath.py [-h] {add,multiply} num1 num2\nevalmath.py: error: argument operation: invalid choice: 'subtract' (choose from 'add', 'multiply')\n"}, "teardown": {"duration": 0.00010579201625660062, "outcome": "passed"}}, {"nodeid": "evals/testevals/evalbed/test_evalbed.py::test_non_integer_argument", "lineno": 18, "outcome": "passed", "keywords": ["test_non_integer_argument", "test_evalbed.py", "evalbed", "testevals", "evals", "agent", ""], "setup": {"duration": 6.929197115823627e-05, "outcome": "passed"}, "call": {"duration": 0.02054729196242988, "outcome": "passed", "stderr": "usage: evalmath.py [-h] {add,multiply} num1 num2\nevalmath.py: error: argument num1: invalid int value: '2.5'\n"}, "teardown": {"duration": 0.00012637500185519457, "outcome": "passed"}}, {"nodeid": "evals/testevals/evalbed/test_evalbed.py::test_missing_argument", "lineno": 23, "outcome": "passed", "keywords": ["test_missing_argument", "test_evalbed.py", "evalbed", "testevals", "evals", "agent", ""], "setup": {"duration": 7.354200351983309e-05, "outcome": "passed"}, "call": {"duration": 0.020717374980449677, "outcome": "passed", "stderr": "usage: evalmath.py [-h] {add,multiply} num1 num2\nevalmath.py: error: the following arguments are required: num2\n"}, "teardown": {"duration": 0.00011637498391792178, "outcome": "passed"}}]}